[2025-06-06 07:52:56] [WARNING] [User: 1] Deleted station '1'.
[2025-06-06 07:52:59] [WARNING] [User: 1] Permanently deleted station '1'.
[2025-06-07 03:38:35] [INFO] [User: 1] Created station '1' (Display: '1').
[2025-06-07 03:38:52] [WARNING] [User: 1] Deleted station '1'.
[2025-06-07 03:39:01] [INFO] [User: 1] Restored station '1' from disabled.
[2025-06-07 03:39:03] [WARNING] [User: 1] Deleted station '1'.
[2025-06-07 03:39:05] [WARNING] [User: 1] Permanently deleted station '1'.
[2025-06-10 08:48:07] [INFO] [User: 1] Created station 'test' (Display: 'Test Station').
[2025-06-10 08:52:37] [INFO] [User: 1] Updated station 'manager' settings.
[2025-06-10 08:53:27] [INFO] [User: 1] Enabled station 'test'.
[2025-06-10 09:22:41] [INFO] [User: 1] Updated station 'manager' settings.
[2025-06-10 09:22:45] [INFO] [User: 1] Updated station 'manager' settings.
[2025-06-10 09:25:13] [INFO] [User: 1] Updated station 'manager' settings.
[2025-06-10 09:43:42] [INFO] [User: 1] Updated station 'manager' settings.
[2025-06-10 09:46:27] [INFO] [User: 1] Enabled station 'test'.
[2025-06-10 09:46:28] [INFO] [User: 1] Disabled station 'test'.
[2025-06-10 09:46:29] [INFO] [User: 1] Enabled station 'test'.
[2025-06-10 09:46:30] [INFO] [User: 1] Disabled station 'test'.
[2025-06-10 09:46:31] [INFO] [User: 1] Enabled station 'test'.
[2025-06-10 09:46:33] [INFO] [User: 1] Disabled station 'test'.
[2025-06-10 09:46:46] [INFO] [User: 1] Updated station 'manager' settings.
[2025-06-10 09:48:56] [INFO] [User: 1] Disabled station 'test'.
[2025-06-10 09:49:16] [INFO] [User: 1] Updated station 'test' settings.
[2025-06-10 09:49:18] [INFO] [User: 1] Updated station 'test' settings.
[2025-06-10 09:49:19] [INFO] [User: 1] Updated station 'test' settings.
[2025-06-10 10:00:17] [WARNING] [User: 1] Deleted station 'test'.
[2025-06-10 10:00:26] [INFO] [User: 1] Created station 'test' (Display: 'Test Station').
[2025-06-10 10:02:01] [WARNING] [User: 1] Deleted station 'test'.
[2025-06-10 10:02:06] [INFO] [User: 1] Created station 'test' (Display: 'Test Station').
[2025-06-10 11:29:18] [WARNING] [User: 1] Deleted station 'test'.
[2025-06-11 08:49:51] [INFO] [User: 1] Created station 'test' (Display: 'Test Station').
[2025-06-11 08:54:36] [WARNING] [User: 1] Deleted station 'test'.
[2025-06-11 08:54:42] [INFO] [User: 1] Created station 'test' (Display: 'Test Station').
[2025-06-12 07:34:50] [INFO] [User: 1] No Icecast mountpoints found to remove for station 'test'.
[2025-06-12 07:34:50] [WARNING] [User: 1] Deleted station 'test'.
[2025-06-12 07:34:58] [INFO] [User: 1] No new Icecast mountpoints needed for station 'test' (all already exist).
[2025-06-12 07:34:58] [INFO] [User: 1] Created station 'test' (Display: 'Test Station').
[2025-06-12 07:35:48] [WARNING] [User: 1] Permanently deleted station 'test'.
[2025-06-12 07:35:49] [WARNING] [User: 1] Permanently deleted station 'test'.
[2025-06-12 07:35:49] [WARNING] [User: 1] Permanently deleted station 'test'.
[2025-06-12 07:38:32] [INFO] [User: 1] No Icecast mountpoints found to remove for station 'test'.
[2025-06-12 07:38:32] [WARNING] [User: 1] Deleted station 'test'.
[2025-06-12 07:38:34] [WARNING] [User: 1] Permanently deleted station 'test'.
[2025-06-12 07:38:40] [INFO] [User: 1] No new Icecast mountpoints needed for station '1' (all already exist).
[2025-06-12 07:38:40] [INFO] [User: 1] Created station '1' (Display: '1').
[2025-06-12 07:41:10] [INFO] [User: 1] No Icecast mountpoints found to remove for station '1'.
[2025-06-12 07:41:10] [WARNING] [User: 1] Deleted station '1'.
[2025-06-12 07:41:13] [WARNING] [User: 1] Permanently deleted station '1'.
[2025-06-12 07:41:25] [INFO] [User: 1] No new Icecast mountpoints needed for station 'test' (all already exist).
[2025-06-12 07:41:25] [INFO] [User: 1] Created station 'test' (Display: 'Test Station').
[2025-06-12 07:44:11] [INFO] [User: 1] Added Icecast mountpoints for station '2': /stream, /streamlow, /streammedium, /streamhigh
[2025-06-12 07:44:11] [INFO] [User: 1] Restarted Icecast after adding mountpoints for '2'.
[2025-06-12 07:44:11] [INFO] [User: 1] Created station '2' (Display: '2').
[2025-06-12 07:44:47] [INFO] [User: 1] No Icecast mountpoints found to remove for station 'test'.
[2025-06-12 07:44:47] [WARNING] [User: 1] Deleted station 'test'.
[2025-06-12 07:44:49] [WARNING] [User: 1] Permanently deleted station 'test'.
[2025-06-12 07:48:34] [INFO] [User: 1] Removed Icecast mountpoints for station '2': /stream, /streamlow, /streammedium, /streamhigh
[2025-06-12 07:48:34] [INFO] [User: 1] Restarted Icecast after removing mountpoints for '2'.
[2025-06-12 07:48:34] [WARNING] [User: 1] Deleted station '2'.
[2025-06-12 07:48:36] [WARNING] [User: 1] Permanently deleted station '2'.
[2025-06-12 07:49:33] [INFO] [User: 1] Added Icecast mountpoints for station 'station-2': /two, /twolow, /twomedium, /twohigh
[2025-06-12 07:49:33] [INFO] [User: 1] Restarted Icecast after adding mountpoints for 'station-2'.
[2025-06-12 07:49:33] [INFO] [User: 1] Created station 'station-2' (Display: 'Station Two').
[2025-06-12 07:50:21] [INFO] [User: 1] No Icecast mountpoints found to remove for station 'station-2'.
[2025-06-12 07:50:21] [WARNING] [User: 1] Deleted station 'station-2'.
[2025-06-12 07:53:03] [WARNING] [User: 1] Permanently deleted station 'station-2'.
[2025-06-12 07:53:14] [INFO] [User: 1] Added Icecast mountpoints for station 'test': /one, /onelow, /onemedium, /onehigh
[2025-06-12 07:53:14] [INFO] [User: 1] Restarted Icecast after adding mountpoints for 'test'.
[2025-06-12 07:53:14] [INFO] [User: 1] Created station 'test' (Display: 'Test Station').
[2025-06-12 07:55:10] [INFO] [User: 1] No Icecast mountpoints found to remove for station 'test'.
[2025-06-12 07:55:10] [WARNING] [User: 1] Deleted station 'test'.
[2025-06-12 07:55:12] [WARNING] [User: 1] Permanently deleted station 'test'.
[2025-06-12 07:55:20] [INFO] [User: 1] Added Icecast mountpoints for station '1': /one, /onelow, /onemedium, /onehigh
[2025-06-12 07:55:20] [INFO] [User: 1] Restarted Icecast after adding mountpoints for '1'.
[2025-06-12 07:55:20] [INFO] [User: 1] Created station '1' (Display: '1').
[2025-06-12 07:56:26] [INFO] [User: 1] Removed Icecast mountpoints for station '1': /one, /onelow, /onemedium, /onehigh
[2025-06-12 07:56:26] [INFO] [User: 1] Restarted Icecast after removing mountpoints for '1'.
[2025-06-12 07:56:26] [WARNING] [User: 1] Deleted station '1'.
[2025-06-12 07:56:28] [WARNING] [User: 1] Permanently deleted station '1'.
[2025-06-12 07:57:19] [INFO] [User: 1] Added Icecast mountpoints for station 'test': /test, /testlow, /testmedium, /testhigh
[2025-06-12 07:57:19] [INFO] [User: 1] Restarted Icecast and Liquidsoap after adding station 'test'.
[2025-06-12 07:57:19] [INFO] [User: 1] Created station 'test' (Display: 'Test Station').
[2025-06-12 07:57:37] [INFO] [User: 1] Restarted Icecast and Liquidsoap after removing station 'test'.
[2025-06-12 07:57:37] [WARNING] [User: 1] Deleted station 'test'.
[2025-06-12 07:57:39] [WARNING] [User: 1] Permanently deleted station 'test'.
[2025-06-12 07:57:58] [INFO] [User: 1] Added Icecast mountpoints for station 'test': /test, /testlow, /testmedium, /testhigh
[2025-06-12 07:57:58] [INFO] [User: 1] Restarted Icecast and Liquidsoap after adding station 'test'.
[2025-06-12 07:57:58] [INFO] [User: 1] Created station 'test' (Display: 'Test Station').
[2025-06-12 08:01:12] [INFO] [User: 1] Restarted Icecast and Liquidsoap after removing station 'test'.
[2025-06-12 08:01:12] [WARNING] [User: 1] Deleted station 'test'.
[2025-06-12 08:01:15] [WARNING] [User: 1] Permanently deleted station 'test'.
[2025-06-12 08:01:24] [INFO] [User: 1] Added Icecast mountpoints for station 'test': /test, /testlow, /testmedium, /testhigh
[2025-06-12 08:01:24] [INFO] [User: 1] Restarted Icecast and Liquidsoap after adding station 'test'.
[2025-06-12 08:01:24] [INFO] [User: 1] Created station 'test' (Display: 'Test Station').
[2025-06-12 08:03:46] [INFO] [User: 1] Restarted Icecast and Liquidsoap after removing station 'test'.
[2025-06-12 08:03:46] [WARNING] [User: 1] Deleted station 'test'.
[2025-06-12 08:03:49] [WARNING] [User: 1] Permanently deleted station 'test'.
[2025-06-12 08:03:57] [INFO] [User: 1] Added Icecast mountpoints for station '1': /one, /onelow, /onemedium, /onehigh
[2025-06-12 08:03:57] [INFO] [User: 1] Restarted Icecast and Liquidsoap after adding station '1'.
[2025-06-12 08:03:57] [INFO] [User: 1] Created station '1' (Display: '1').
[2025-06-12 08:05:16] [INFO] [User: 1] Removed Icecast mountpoints for station '1': /one, /onelow, /onemedium, /onehigh
[2025-06-12 08:05:16] [INFO] [User: 1] Removed Liquidsoap output for station '1'.
[2025-06-12 08:05:16] [INFO] [User: 1] Restarted Icecast and Liquidsoap after removing station '1'.
[2025-06-12 08:05:16] [WARNING] [User: 1] Deleted station '1'.
[2025-06-12 08:05:18] [WARNING] [User: 1] Permanently deleted station '1'.
[2025-06-12 08:05:26] [INFO] [User: 1] Added Icecast mountpoints for station '1': /one, /onelow, /onemedium, /onehigh
[2025-06-12 08:05:26] [INFO] [User: 1] Added Liquidsoap output for station '1'.
[2025-06-12 08:05:26] [INFO] [User: 1] Restarted Icecast and Liquidsoap after adding station '1'.
[2025-06-12 08:05:26] [INFO] [User: 1] Created station '1' (Display: '1').
[2025-06-12 08:19:22] [ERROR] [User: 1] Failed to move station '1' to disabled.
[2025-06-12 08:19:27] [ERROR] [User: 1] Failed to move station '1' to disabled.
[2025-06-12 08:19:31] [ERROR] [User: 1] Failed to move station '1' to disabled.
[2025-06-12 08:19:34] [ERROR] [User: 1] Failed to move station '1' to disabled.
[2025-06-12 08:22:37] [ERROR] [User: 1] Failed to move station '1' to disabled.
[2025-06-12 08:22:49] [ERROR] [User: 1] Failed to move station '1' to disabled.
[2025-06-12 08:22:50] [ERROR] [User: 1] Failed to move station '1' to disabled.
[2025-06-12 08:22:52] [ERROR] [User: 1] Failed to move station '1' to disabled.
[2025-06-12 08:22:53] [ERROR] [User: 1] Failed to move station '1' to disabled.
[2025-06-12 08:22:53] [ERROR] [User: 1] Failed to move station '1' to disabled.
[2025-06-12 08:22:53] [ERROR] [User: 1] Failed to move station '1' to disabled.
[2025-06-12 08:22:55] [ERROR] [User: 1] Failed to move station '1' to disabled.
[2025-06-12 08:22:55] [ERROR] [User: 1] Failed to move station '1' to disabled.
[2025-06-12 08:22:56] [ERROR] [User: 1] Failed to move station '1' to disabled.
[2025-06-12 08:22:56] [ERROR] [User: 1] Failed to move station '1' to disabled.
[2025-06-12 08:22:56] [ERROR] [User: 1] Failed to move station '1' to disabled.
[2025-06-12 08:22:59] [ERROR] [User: 1] Failed to move station '1' to disabled.
[2025-06-12 08:23:46] [ERROR] [User: 1] Failed to move station '1' to disabled.
[2025-06-12 08:23:48] [ERROR] [User: 1] Failed to move station '1' to disabled.
[2025-06-12 08:25:59] [ERROR] [User: 1] Failed to move station '1' to disabled.
[2025-06-12 08:26:00] [ERROR] [User: 1] Failed to move station '1' to disabled.
[2025-06-12 08:26:00] [ERROR] [User: 1] Failed to move station '1' to disabled.
[2025-06-12 08:26:07] [ERROR] [User: 1] Failed to move station '1' to disabled.
[2025-06-12 08:26:18] [ERROR] [User: 1] Failed to move station '1' to disabled.
[2025-06-12 08:26:18] [ERROR] [User: 1] Failed to move station '1' to disabled.
[2025-06-12 08:26:24] [ERROR] [User: 1] Failed to move station '1' to disabled.
[2025-06-12 08:26:24] [ERROR] [User: 1] Failed to move station '1' to disabled.
[2025-06-12 08:26:40] [ERROR] [User: 1] Failed to move station '1' to disabled.
[2025-06-12 08:26:40] [ERROR] [User: 1] Failed to move station '1' to disabled.
[2025-06-12 08:26:42] [ERROR] [User: 1] Failed to move station '1' to disabled.
[2025-06-12 08:26:46] [ERROR] [User: 1] Failed to move station '1' to disabled.
[2025-06-12 08:27:07] [ERROR] [User: 1] Failed to move station '1' to disabled.
[2025-06-12 08:28:49] [INFO] [User: 1] Removed Liquidsoap output for station '1'.
[2025-06-12 08:28:49] [INFO] [User: 1] Restarted Icecast and Liquidsoap after removing station '1'.
[2025-06-12 08:28:49] [WARNING] [User: 1] Deleted station '1'.
[2025-06-12 08:28:53] [WARNING] [User: 1] Permanently deleted station '1'.
[2025-06-12 08:29:42] [INFO] [User: 1] Added Icecast mountpoints for station '1': /one, /onelow, /onemedium, /onehigh
[2025-06-12 08:29:42] [INFO] [User: 1] Added Liquidsoap output for station '1'.
[2025-06-12 08:29:42] [INFO] [User: 1] Restarted Icecast and Liquidsoap after station change.
[2025-06-12 08:29:42] [INFO] [User: 1] Created station '1' (Display: '1').
[2025-06-12 08:37:47] [INFO] [User: 1] Removed Icecast mountpoints for station '1': /one, /onelow, /onemedium, /onehigh
[2025-06-12 08:37:47] [INFO] [User: 1] Removed Liquidsoap output for station '1'.
[2025-06-12 08:37:47] [INFO] [User: 1] Restarted Icecast and Liquidsoap after removing station '1'.
[2025-06-12 08:37:47] [WARNING] [User: 1] Deleted station '1'.
[2025-06-12 08:37:50] [WARNING] [User: 1] Permanently deleted station '1'.
[2025-06-12 08:38:31] [INFO] [User: 1] Added Icecast mountpoints for station '1': /test, /testlow, /testmedium, /testhigh
[2025-06-12 08:38:31] [INFO] [User: 1] Added Liquidsoap output for station '1'.
[2025-06-12 08:38:31] [INFO] [User: 1] Restarted Icecast and Liquidsoap after station change.
[2025-06-12 08:38:31] [INFO] [User: 1] Created station '1' (Display: '1').
[2025-06-12 08:41:39] [INFO] [User: 1] Removed Icecast mountpoints for station '1': /test, /testlow, /testmedium, /testhigh
[2025-06-12 08:41:39] [INFO] [User: 1] Removed Liquidsoap output for station '1'.
[2025-06-12 08:41:39] [INFO] [User: 1] Restarted Icecast and Liquidsoap after removing station '1'.
[2025-06-12 08:41:39] [WARNING] [User: 1] Deleted station '1'.
[2025-06-12 08:41:41] [WARNING] [User: 1] Permanently deleted station '1'.
[2025-06-12 08:44:48] [INFO] [User: 1] Added Icecast mountpoints for station '1': /one, /onelow, /onemedium, /onehigh
[2025-06-12 08:44:48] [INFO] [User: 1] Added Liquidsoap output for station '1'.
[2025-06-12 08:44:48] [INFO] [User: 1] Restarted Icecast and Liquidsoap after station change.
[2025-06-12 08:44:48] [INFO] [User: 1] Created station '1' (Display: '1').
[2025-06-12 08:49:31] [INFO] [User: 1] Removed Icecast mountpoints for station '1': /one, /onelow, /onemedium, /onehigh
[2025-06-12 08:49:31] [INFO] [User: 1] Removed Liquidsoap output for station '1'.
[2025-06-12 08:49:31] [INFO] [User: 1] Restarted Icecast and Liquidsoap after removing station '1'.
[2025-06-12 08:49:31] [WARNING] [User: 1] Deleted station '1'.
[2025-06-12 08:49:34] [WARNING] [User: 1] Permanently deleted station '1'.
[2025-06-12 08:49:52] [INFO] [User: 1] Added Icecast mountpoints for station 'test': /test, /testlow, /testmedium, /testhigh
[2025-06-12 08:49:52] [INFO] [User: 1] Added Liquidsoap output for station 'test'.
[2025-06-12 08:49:52] [INFO] [User: 1] Restarted Icecast and Liquidsoap after station change.
[2025-06-12 08:49:52] [INFO] [User: 1] Created station 'test' (Display: 'Test Station').
[2025-06-12 08:51:07] [INFO] [User: 1] Removed Icecast mountpoints for station 'test': /test, /testlow, /testmedium, /testhigh
[2025-06-12 08:51:07] [INFO] [User: 1] Removed Liquidsoap output for station 'test'.
[2025-06-12 08:51:07] [INFO] [User: 1] Restarted Icecast and Liquidsoap after removing station 'test'.
[2025-06-12 08:51:07] [WARNING] [User: 1] Deleted station 'test'.
[2025-06-12 08:51:11] [WARNING] [User: 1] Permanently deleted station 'test'.
[2025-06-12 08:51:19] [INFO] [User: 1] Added Icecast mountpoints for station '2': /two, /twolow, /twomedium, /twohigh
[2025-06-12 08:51:19] [INFO] [User: 1] Added Liquidsoap output for station '2'.
[2025-06-12 08:51:19] [INFO] [User: 1] Restarted Icecast and Liquidsoap after station change.
[2025-06-12 08:51:19] [INFO] [User: 1] Created station '2' (Display: '2').
[2025-06-12 08:55:16] [INFO] [User: 1] Removed Icecast mountpoints for station '2': /two, /twolow, /twomedium, /twohigh
[2025-06-12 08:55:16] [INFO] [User: 1] Removed Liquidsoap output for station '2'.
[2025-06-12 08:55:16] [INFO] [User: 1] Restarted Icecast and Liquidsoap after removing station '2'.
[2025-06-12 08:55:16] [WARNING] [User: 1] Deleted station '2'.
[2025-06-12 08:55:20] [WARNING] [User: 1] Permanently deleted station '2'.
[2025-06-12 09:00:29] [INFO] [User: 1] Added Icecast mountpoints for station '1': /one, /onelow, /onemedium, /onehigh
[2025-06-12 09:00:29] [INFO] [User: 1] Added Liquidsoap output for station '1'.
[2025-06-12 09:00:29] [INFO] [User: 1] Restarted Icecast and Liquidsoap after station change.
[2025-06-12 09:00:29] [INFO] [User: 1] Created station '1' (Display: '1').
[2025-06-12 09:07:21] [INFO] [User: 1] Removed Icecast mountpoints for station '1': /one, /onelow, /onemedium, /onehigh
[2025-06-12 09:07:21] [INFO] [User: 1] Removed Liquidsoap output for station '1'.
[2025-06-12 09:07:21] [INFO] [User: 1] Restarted Icecast and Liquidsoap after removing station '1'.
[2025-06-12 09:07:21] [WARNING] [User: 1] Deleted station '1'.
[2025-06-12 09:07:23] [WARNING] [User: 1] Permanently deleted station '1'.
[2025-06-12 09:07:48] [INFO] [User: 1] Added Icecast mountpoints for station '1': /one, /onelow, /onemedium, /onehigh
[2025-06-12 09:07:48] [INFO] [User: 1] Added Liquidsoap output for station '1'.
[2025-06-12 09:07:48] [INFO] [User: 1] Restarted Icecast and Liquidsoap after station change.
[2025-06-12 09:07:48] [INFO] [User: 1] Created station '1' (Display: '1').
[2025-06-12 09:10:45] [INFO] [User: 1] Removed Icecast mountpoints for station '1': /one, /onelow, /onemedium, /onehigh
[2025-06-12 09:10:45] [INFO] [User: 1] Removed Liquidsoap output for station '1'.
[2025-06-12 09:10:45] [INFO] [User: 1] Restarted Icecast and Liquidsoap after removing station '1'.
[2025-06-12 09:10:45] [WARNING] [User: 1] Deleted station '1'.
[2025-06-12 09:10:49] [WARNING] [User: 1] Permanently deleted station '1'.
[2025-06-12 09:10:59] [INFO] [User: 1] Added Icecast mountpoints for station '1': /one, /onelow, /onemedium, /onehigh
[2025-06-12 09:10:59] [INFO] [User: 1] Added Liquidsoap output for station '1'.
[2025-06-12 09:10:59] [INFO] [User: 1] Restarted Icecast and Liquidsoap after station change.
[2025-06-12 09:10:59] [INFO] [User: 1] Created station '1' (Display: '1').
[2025-06-12 09:12:37] [INFO] [User: 1] Removed Icecast mountpoints for station '1': /one, /onelow, /onemedium, /onehigh
[2025-06-12 09:12:37] [INFO] [User: 1] Removed Liquidsoap output for station '1'.
[2025-06-12 09:12:37] [INFO] [User: 1] Restarted Icecast and Liquidsoap after removing station '1'.
[2025-06-12 09:12:37] [WARNING] [User: 1] Deleted station '1'.
[2025-06-12 09:12:40] [WARNING] [User: 1] Permanently deleted station '1'.
[2025-06-12 09:12:45] [INFO] [User: 1] Added Icecast mountpoints for station '1': /one, /onelow, /onemedium, /onehigh
[2025-06-12 09:12:45] [INFO] [User: 1] Added Liquidsoap output for station '1'.
[2025-06-12 09:12:45] [INFO] [User: 1] Restarted Icecast and Liquidsoap after station change.
[2025-06-12 09:12:45] [INFO] [User: 1] Created station '1' (Display: '1').
